<?xml version="1.0" encoding="UTF-8"?>
<!-- Generated by org.testng.reporters.JUnitReportReporter -->
<testsuite skipped="0" hostname="ShivyogGPR" name="com.testcase.JRI_Registration" tests="1" failures="0" timestamp="7 Jan 2017 16:49:18 GMT" time="13.651" errors="0">
  <testcase name="Registration" time="13.651" classname="com.testcase.JRI_Registration"/>
</testsuite> <!-- com.testcase.JRI_Registration -->
